<?xml version="1.0" encoding="UTF-8"?>
<!-- Generated by org.testng.reporters.JUnitReportReporter -->
<testsuite hostname="S3-PC" name="com.Testcases.Tc_02_VerifyLoginFields" tests="1" failures="0" timestamp="3 Apr 2018 07:24:44 GMT" time="0.984" errors="0">
  <testcase name="verifyLoginFields" time="0.984" classname="com.Testcases.Tc_02_VerifyLoginFields"/>
</testsuite> <!-- com.Testcases.Tc_02_VerifyLoginFields -->
